<?xml version="1.0" encoding="UTF-8"?>
<testsuite name="ch.tbz.demo.AddressbookApplicationTests" tests="1" skipped="0" failures="0" errors="0" timestamp="2023-10-09T13:56:06" hostname="DESKTOP-3G1IK11" time="0.036">
  <properties/>
  <testcase name="contextLoads()" classname="ch.tbz.demo.AddressbookApplicationTests" time="0.036"/>
  <system-out><![CDATA[]]></system-out>
  <system-err><![CDATA[]]></system-err>
</testsuite>
